11111111111111111111111111111111111111111111111111111111111111111111111111111111111111111111111111111111
00101010101010101010101010101010101010101010101010101010101010101010101010101010101010101010101010101010
00011011011011011011011011011011011011011011011011011011011011011011011011011011011011011011011011011011
00001010101010101010101010101010101010101010101010101010101010101010101010101010101010101010101010101010
00000111101111011110111101111011110111101111011110111101111011110111101111011110111101111011110111101111
00000010001010001010001010001010001010001010001010001010001010001010001010001010001010001010001010001010
00000001111110111111011111101111110111111011111101111110111111011111101111110111111011111101111110111111
00000000101010101010101010101010101010101010101010101010101010101010101010101010101010101010101010101010
00000000011011011011011011011011011011011011011011011011011011011011011011011011011011011011011011011011
00000000001010001010101000101010100010101010001010101000101010100010101010001010101000101010100010101010
00000000000111111111101111111111011111111110111111111101111111111011111111110111111111101111111111011111
00000000000010001010001010001010001010001010001010001010001010001010001010001010001010001010001010001010
00000000000001111111111110111111111111011111111111101111111111110111111111111011111111111101111111111110
00000000000000101010001010101010100010101010101000101010101010001010101010100010101010101000101010101010
00000000000000011010011001011011010011001011011010011001011011010011001011011010011001011011010011001011
00000000000000001010101010101010101010101010101010101010101010101010101010101010101010101010101010101010
00000000000000000111111111111111101111111111111111011111111111111110111111111111111101111111111111111011
00000000000000000010001010001010001010001010001010001010001010001010001010001010001010001010001010001010
00000000000000000001111111111111111110111111111111111111011111111111111111101111111111111111110111111111
00000000000000000000101000101010100010101010001010101000101010100010101010001010101000101010100010101010
00000000000000000000011011001011010011011011011001011010011011011011001011010011011011011001011010011011
00000000000000000000001010101010001010101010101010101000101010101010101010100010101010101010101010001010
00000000000000000000000111111111111111111111101111111111111111111111011111111111111111111110111111111111
00000000000000000000000010001010001010001010001010001010001010001010001010001010001010001010001010001010
00000000000000000000000001111011110111101111011110111101111011110111101111011110111101111011110111101111
00000000000000000000000000101010101010001010101010101010101010100010101010101010101010101000101010101010
00000000000000000000000000011011011011011011011011011011011011011011011011011011011011011011011011011011
00000000000000000000000000001010100010101010101000101010101010001010101010100010101010101000101010101010
00000000000000000000000000000111111111111111111111111111101111111111111111111111111111011111111111111111
00000000000000000000000000000010000010001010001010001000001010000010001010001010001000001010000010001010
00000000000000000000000000000001111111111111111111111111111110111111111111111111111111111111011111111111
00000000000000000000000000000000101010101010101010101010101010101010101010101010101010101010101010101010
00000000000000000000000000000000011011011010011011011001011011011011011011010011011011001011011011011011
00000000000000000000000000000000001010101010101010001010101010101010101010101010101000101010101010101010
00000000000000000000000000000000000111101011011100111100111011010111101111010110111001111001110110101111
00000000000000000000000000000000000010001010001010001010001010001010001010001010001010001010001010001010
00000000000000000000000000000000000001111111111111111111111111111111111110111111111111111111111111111111
00000000000000000000000000000000000000101010101010101010001010101010101010101010101010101010100010101010
00000000000000000000000000000000000000011011011011001011011011010011011011011011011011011001011011011010
00000000000000000000000000000000000000001010001010101000101010100010101010001010101000101010100010101010
00000000000000000000000000000000000000000111111111111111111111111111111111111111101111111111111111111111
00000000000000000000000000000000000000000010001000001010001010001010001010000010001010001000001010001010
00000000000000000000000000000000000000000001111111111111111111111111111111111111111110111111111111111111
00000000000000000000000000000000000000000000101010101000101010101010101010100010101010101010101010001010
00000000000000000000000000000000000000000000011010011001011011010011001011011010011001011011010011001011
00000000000000000000000000000000000000000000001010101010101010101010001010101010101010101010101010101010
00000000000000000000000000000000000000000000000111111111111111111111111111111111111111111111101111111111
00000000000000000000000000000000000000000000000010001010001010001010001010001010001010001010001010001010
00000000000000000000000000000000000000000000000001111110111111011111101111110111111011111101111110111111
00000000000000000000000000000000000000000000000000101000101010100010101010001010101000101010100010101010
00000000000000000000000000000000000000000000000000011011011011011010011011011011011001011011011011011011
00000000000000000000000000000000000000000000000000001010101010100010101010101010101010101000101010101010
00000000000000000000000000000000000000000000000000000111111111111111111111111111111111111111111111111111
00000000000000000000000000000000000000000000000000000010001010001010001010001010001010001010001010001010
00000000000000000000000000000000000000000000000000000001111011110011101111010110111101101011110111001111
00000000000000000000000000000000000000000000000000000000101010001010101010100010101010101000101010101010
00000000000000000000000000000000000000000000000000000000011011011011011011001011011011011011010011011011
00000000000000000000000000000000000000000000000000000000001010101010101010101010101010001010101010101010
00000000000000000000000000000000000000000000000000000000000111111111111111111111111111111111111111111111
00000000000000000000000000000000000000000000000000000000000010000010001010001010001000001010000010001010
00000000000000000000000000000000000000000000000000000000000001111111111111111111111111111111111111111111
00000000000000000000000000000000000000000000000000000000000000101010101010101010101010101010001010101010
00000000000000000000000000000000000000000000000000000000000000011011001011010011011011011001011010011011
00000000000000000000000000000000000000000000000000000000000000001010101010101010101010101010101010101010
00000000000000000000000000000000000000000000000000000000000000000111101111011010111101111001110111101110
00000000000000000000000000000000000000000000000000000000000000000010001010000010001010001010001010001010
00000000000000000000000000000000000000000000000000000000000000000001111111111111111111111111111111111111
00000000000000000000000000000000000000000000000000000000000000000000101010101010101000101010101010101010
00000000000000000000000000000000000000000000000000000000000000000000011011011011011011011010011011011011
00000000000000000000000000000000000000000000000000000000000000000000001010000010101000101000100010101010
00000000000000000000000000000000000000000000000000000000000000000000000111111111111111111111111111111111
00000000000000000000000000000000000000000000000000000000000000000000000010001010001010001010001010001010
00000000000000000000000000000000000000000000000000000000000000000000000001111111111111111111111111111111
00000000000000000000000000000000000000000000000000000000000000000000000000101010101010101010101010101010
00000000000000000000000000000000000000000000000000000000000000000000000000011010011001011011010011001011
00000000000000000000000000000000000000000000000000000000000000000000000000001010101010101010100010101010
00000000000000000000000000000000000000000000000000000000000000000000000000000111111011101101111110011111
00000000000000000000000000000000000000000000000000000000000000000000000000000010001010001000001010001010
00000000000000000000000000000000000000000000000000000000000000000000000000000001111111111111111111111111
00000000000000000000000000000000000000000000000000000000000000000000000000000000101000101010100010101010
00000000000000000000000000000000000000000000000000000000000000000000000000000000011011011011011011011011
00000000000000000000000000000000000000000000000000000000000000000000000000000000001010101010101010101010
00000000000000000000000000000000000000000000000000000000000000000000000000000000000111111111111111111111
00000000000000000000000000000000000000000000000000000000000000000000000000000000000010001000001010001010
00000000000000000000000000000000000000000000000000000000000000000000000000000000000001111011110111101011
00000000000000000000000000000000000000000000000000000000000000000000000000000000000000101010101010101010
00000000000000000000000000000000000000000000000000000000000000000000000000000000000000011011011011011011
00000000000000000000000000000000000000000000000000000000000000000000000000000000000000001010101010001010
00000000000000000000000000000000000000000000000000000000000000000000000000000000000000000111111111111111
00000000000000000000000000000000000000000000000000000000000000000000000000000000000000000010000010001010
00000000000000000000000000000000000000000000000000000000000000000000000000000000000000000001111110111110
00000000000000000000000000000000000000000000000000000000000000000000000000000000000000000000101010101010
00000000000000000000000000000000000000000000000000000000000000000000000000000000000000000000011011011011
00000000000000000000000000000000000000000000000000000000000000000000000000000000000000000000001010101010
00000000000000000000000000000000000000000000000000000000000000000000000000000000000000000000000111101111
00000000000000000000000000000000000000000000000000000000000000000000000000000000000000000000000010001010
00000000000000000000000000000000000000000000000000000000000000000000000000000000000000000000000001111111
00000000000000000000000000000000000000000000000000000000000000000000000000000000000000000000000000101010
00000000000000000000000000000000000000000000000000000000000000000000000000000000000000000000000000011011
00000000000000000000000000000000000000000000000000000000000000000000000000000000000000000000000000001010
00000000000000000000000000000000000000000000000000000000000000000000000000000000000000000000000000000111
00000000000000000000000000000000000000000000000000000000000000000000000000000000000000000000000000000010
00000000000000000000000000000000000000000000000000000000000000000000000000000000000000000000000000000001
00000000000000000000000000000000000000000000000000000000000000000000000000000000000000000000000000000000
